Performing C SOURCE FILE Test CMAKE_HAVE_LIBC_PTHREAD failed with the following output:
Change Dir: /home/moon/bit_automation_driving/Image_processing/ROS/lane_detection/cmake-build-debug/CMakeFiles/CMakeTmp

Run Build Command(s):/usr/bin/make cmTC_55481/fast && /usr/bin/make -f CMakeFiles/cmTC_55481.dir/build.make CMakeFiles/cmTC_55481.dir/build
make[1]: Entering directory '/home/moon/bit_automation_driving/Image_processing/ROS/lane_detection/cmake-build-debug/CMakeFiles/CMakeTmp'
Building C object CMakeFiles/cmTC_55481.dir/src.c.o
/usr/bin/cc   -DCMAKE_HAVE_LIBC_PTHREAD   -o CMakeFiles/cmTC_55481.dir/src.c.o   -c /home/moon/bit_automation_driving/Image_processing/ROS/lane_detection/cmake-build-debug/CMakeFiles/CMakeTmp/src.c
Linking C executable cmTC_55481
/home/moon/clion-2020.1.1/bin/cmake/linux/bin/cmake -E cmake_link_script CMakeFiles/cmTC_55481.dir/link.txt --verbose=1
/usr/bin/cc  -DCMAKE_HAVE_LIBC_PTHREAD    -rdynamic CMakeFiles/cmTC_55481.dir/src.c.o  -o cmTC_55481 
CMakeFiles/cmTC_55481.dir/src.c.o: In function `main':
src.c:(.text+0x3e): undefined reference to `pthread_create'
src.c:(.text+0x4a): undefined reference to `pthread_detach'
src.c:(.text+0x5b): undefined reference to `pthread_join'
src.c:(.text+0x6f): undefined reference to `pthread_atfork'
collect2: error: ld returned 1 exit status
CMakeFiles/cmTC_55481.dir/build.make:86: recipe for target 'cmTC_55481' failed
make[1]: *** [cmTC_55481] Error 1
make[1]: Leaving directory '/home/moon/bit_automation_driving/Image_processing/ROS/lane_detection/cmake-build-debug/CMakeFiles/CMakeTmp'
Makefile:121: recipe for target 'cmTC_55481/fast' failed
make: *** [cmTC_55481/fast] Error 2


Source file was:
#include <pthread.h>

void* test_func(void* data)
{
  return data;
}

int main(void)
{
  pthread_t thread;
  pthread_create(&thread, NULL, test_func, NULL);
  pthread_detach(thread);
  pthread_join(thread, NULL);
  pthread_atfork(NULL, NULL, NULL);
  pthread_exit(NULL);

  return 0;
}

Determining if the function pthread_create exists in the pthreads failed with the following output:
Change Dir: /home/moon/bit_automation_driving/Image_processing/ROS/lane_detection/cmake-build-debug/CMakeFiles/CMakeTmp

Run Build Command(s):/usr/bin/make cmTC_f9953/fast && /usr/bin/make -f CMakeFiles/cmTC_f9953.dir/build.make CMakeFiles/cmTC_f9953.dir/build
make[1]: Entering directory '/home/moon/bit_automation_driving/Image_processing/ROS/lane_detection/cmake-build-debug/CMakeFiles/CMakeTmp'
Building C object CMakeFiles/cmTC_f9953.dir/CheckFunctionExists.c.o
/usr/bin/cc   -DCHECK_FUNCTION_EXISTS=pthread_create   -o CMakeFiles/cmTC_f9953.dir/CheckFunctionExists.c.o   -c /home/moon/clion-2020.1.1/bin/cmake/linux/share/cmake-3.16/Modules/CheckFunctionExists.c
Linking C executable cmTC_f9953
/home/moon/clion-2020.1.1/bin/cmake/linux/bin/cmake -E cmake_link_script CMakeFiles/cmTC_f9953.dir/link.txt --verbose=1
/usr/bin/cc  -DCHECK_FUNCTION_EXISTS=pthread_create    -rdynamic CMakeFiles/cmTC_f9953.dir/CheckFunctionExists.c.o  -o cmTC_f9953  -lpthreads 
/usr/bin/ld: cannot find -lpthreads
collect2: error: ld returned 1 exit status
CMakeFiles/cmTC_f9953.dir/build.make:86: recipe for target 'cmTC_f9953' failed
make[1]: *** [cmTC_f9953] Error 1
make[1]: Leaving directory '/home/moon/bit_automation_driving/Image_processing/ROS/lane_detection/cmake-build-debug/CMakeFiles/CMakeTmp'
Makefile:121: recipe for target 'cmTC_f9953/fast' failed
make: *** [cmTC_f9953/fast] Error 2



